c:\users\ㄱ\desktop\api sample\0921 client(맴버+채팅)\0917클라이언트\debug\vc140.pdb
c:\users\ㄱ\desktop\api sample\0921 client(맴버+채팅)\0917클라이언트\debug\vc140.idb
c:\users\ㄱ\desktop\api sample\0921 client(맴버+채팅)\0917클라이언트\debug\control.obj
c:\users\ㄱ\desktop\api sample\0921 client(맴버+채팅)\0917클라이언트\debug\handler.obj
c:\users\ㄱ\desktop\api sample\0921 client(맴버+채팅)\0917클라이언트\debug\newmemberdlg.obj
c:\users\ㄱ\desktop\api sample\0921 client(맴버+채팅)\0917클라이언트\debug\packet.obj
c:\users\ㄱ\desktop\api sample\0921 client(맴버+채팅)\0917클라이언트\debug\start.obj
c:\users\ㄱ\desktop\api sample\0921 client(맴버+채팅)\0917클라이언트\debug\wbchatchilent.obj
c:\users\ㄱ\desktop\api sample\0921 client(맴버+채팅)\0917클라이언트\debug\wbclient.obj
c:\users\ㄱ\desktop\api sample\0921 client(맴버+채팅)\debug\0917클라이언트.ilk
c:\users\ㄱ\desktop\api sample\0921 client(맴버+채팅)\debug\0917클라이언트.exe
c:\users\ㄱ\desktop\api sample\0921 client(맴버+채팅)\debug\0917클라이언트.pdb
c:\users\ㄱ\desktop\api sample\0921 client(맴버+채팅)\0917클라이언트\debug\0917클라이언트.res
c:\users\ㄱ\desktop\api sample\0921 client(맴버+채팅)\0917클라이언트\debug\0917클라이언트.tlog\cl.command.1.tlog
c:\users\ㄱ\desktop\api sample\0921 client(맴버+채팅)\0917클라이언트\debug\0917클라이언트.tlog\cl.read.1.tlog
c:\users\ㄱ\desktop\api sample\0921 client(맴버+채팅)\0917클라이언트\debug\0917클라이언트.tlog\cl.write.1.tlog
c:\users\ㄱ\desktop\api sample\0921 client(맴버+채팅)\0917클라이언트\debug\0917클라이언트.tlog\link.command.1.tlog
c:\users\ㄱ\desktop\api sample\0921 client(맴버+채팅)\0917클라이언트\debug\0917클라이언트.tlog\link.read.1.tlog
c:\users\ㄱ\desktop\api sample\0921 client(맴버+채팅)\0917클라이언트\debug\0917클라이언트.tlog\link.write.1.tlog
c:\users\ㄱ\desktop\api sample\0921 client(맴버+채팅)\0917클라이언트\debug\0917클라이언트.tlog\rc.command.1.tlog
c:\users\ㄱ\desktop\api sample\0921 client(맴버+채팅)\0917클라이언트\debug\0917클라이언트.tlog\rc.read.1.tlog
c:\users\ㄱ\desktop\api sample\0921 client(맴버+채팅)\0917클라이언트\debug\0917클라이언트.tlog\rc.write.1.tlog
